[
  {
    "line": 1,
    "elements": [
      {
        "line": 3,
        "name": "Validate user is able to login successfully from the Home page",
        "description": "",
        "id": "validate-login-feature-for-the-website;validate-user-is-able-to-login-successfully-from-the-home-page",
        "type": "scenario",
        "keyword": "Scenario",
        "steps": [
          {
            "result": {
              "duration": 118182040,
              "error_message": "cucumber.runtime.CucumberException: Failed to instantiate class steps.StepDefs\n\tat cucumber.runtime.java.DefaultJavaObjectFactory.cacheNewInstance(DefaultJavaObjectFactory.java:46)\n\tat cucumber.runtime.java.DefaultJavaObjectFactory.getInstance(DefaultJavaObjectFactory.java:32)\n\tat cucumber.runtime.java.JavaStepDefinition.execute(JavaStepDefinition.java:38)\n\tat cucumber.runtime.StepDefinitionMatch.runStep(StepDefinitionMatch.java:37)\n\tat cucumber.runtime.Runtime.runStep(Runtime.java:299)\n\tat cucumber.runtime.model.StepContainer.runStep(StepContainer.java:44)\n\tat cucumber.runtime.model.StepContainer.runSteps(StepContainer.java:39)\n\tat cucumber.runtime.model.CucumberScenario.run(CucumberScenario.java:44)\n\tat cucumber.runtime.model.CucumberFeature.run(CucumberFeature.java:165)\n\tat cucumber.api.testng.TestNGCucumberRunner.runCucumber(TestNGCucumberRunner.java:63)\n\tat testRunners.LoginTestRunner.feature(LoginTestRunner.java:32)\n\tat sun.reflect.NativeMethodAccessorImpl.invoke0(Native Method)\n\tat sun.reflect.NativeMethodAccessorImpl.invoke(NativeMethodAccessorImpl.java:62)\n\tat sun.reflect.DelegatingMethodAccessorImpl.invoke(DelegatingMethodAccessorImpl.java:43)\n\tat java.lang.reflect.Method.invoke(Method.java:498)\n\tat org.testng.internal.MethodInvocationHelper.invokeMethod(MethodInvocationHelper.java:124)\n\tat org.testng.internal.Invoker.invokeMethod(Invoker.java:583)\n\tat org.testng.internal.Invoker.invokeTestMethod(Invoker.java:719)\n\tat org.testng.internal.Invoker.invokeTestMethods(Invoker.java:989)\n\tat org.testng.internal.TestMethodWorker.invokeTestMethods(TestMethodWorker.java:125)\n\tat org.testng.internal.TestMethodWorker.run(TestMethodWorker.java:109)\n\tat org.testng.TestRunner.privateRun(TestRunner.java:648)\n\tat org.testng.TestRunner.run(TestRunner.java:505)\n\tat org.testng.SuiteRunner.runTest(SuiteRunner.java:455)\n\tat org.testng.SuiteRunner.runSequentially(SuiteRunner.java:450)\n\tat org.testng.SuiteRunner.privateRun(SuiteRunner.java:415)\n\tat org.testng.SuiteRunner.run(SuiteRunner.java:364)\n\tat org.testng.SuiteRunnerWorker.runSuite(SuiteRunnerWorker.java:52)\n\tat org.testng.SuiteRunnerWorker.run(SuiteRunnerWorker.java:84)\n\tat org.testng.TestNG.runSuitesSequentially(TestNG.java:1208)\n\tat org.testng.TestNG.runSuitesLocally(TestNG.java:1137)\n\tat org.testng.TestNG.runSuites(TestNG.java:1049)\n\tat org.testng.TestNG.run(TestNG.java:1017)\n\tat org.testng.IDEARemoteTestNG.run(IDEARemoteTestNG.java:72)\n\tat org.testng.RemoteTestNGStarter.main(RemoteTestNGStarter.java:123)\nCaused by: java.lang.reflect.InvocationTargetException\n\tat sun.reflect.NativeConstructorAccessorImpl.newInstance0(Native Method)\n\tat sun.reflect.NativeConstructorAccessorImpl.newInstance(NativeConstructorAccessorImpl.java:62)\n\tat sun.reflect.DelegatingConstructorAccessorImpl.newInstance(DelegatingConstructorAccessorImpl.java:45)\n\tat java.lang.reflect.Constructor.newInstance(Constructor.java:423)\n\tat cucumber.runtime.java.DefaultJavaObjectFactory.cacheNewInstance(DefaultJavaObjectFactory.java:40)\n\t... 34 more\nCaused by: java.lang.NoClassDefFoundError: org/openqa/selenium/internal/Locatable\n\tat org.openqa.selenium.support.pagefactory.DefaultFieldDecorator.proxyForLocator(DefaultFieldDecorator.java:101)\n\tat org.openqa.selenium.support.pagefactory.DefaultFieldDecorator.decorate(DefaultFieldDecorator.java:62)\n\tat org.openqa.selenium.support.PageFactory.proxyFields(PageFactory.java:113)\n\tat org.openqa.selenium.support.PageFactory.initElements(PageFactory.java:105)\n\tat org.openqa.selenium.support.PageFactory.initElements(PageFactory.java:92)\n\tat org.openqa.selenium.support.PageFactory.initElements(PageFactory.java:79)\n\tat pages.HomePage.\u003cinit\u003e(HomePage.java:23)\n\tat steps.StepDefs.\u003cinit\u003e(StepDefs.java:18)\n\t... 39 more\nCaused by: java.lang.ClassNotFoundException: org.openqa.selenium.internal.Locatable\n\tat java.net.URLClassLoader.findClass(URLClassLoader.java:382)\n\tat java.lang.ClassLoader.loadClass(ClassLoader.java:424)\n\tat sun.misc.Launcher$AppClassLoader.loadClass(Launcher.java:349)\n\tat java.lang.ClassLoader.loadClass(ClassLoader.java:357)\n\t... 47 more\n",
              "status": "failed"
            },
            "line": 4,
            "name": "the home page is displayed",
            "match": {
              "location": "StepDefs.theHomePageIsDisplayed()"
            },
            "keyword": "Given "
          },
          {
            "result": {
              "status": "skipped"
            },
            "line": 5,
            "name": "the user tries to login with valid credentials from the home page",
            "match": {
              "location": "StepDefs.theUserTriesToLoginWithValidCredentialsFromTheHomePage()"
            },
            "keyword": "When "
          }
        ]
      }
    ],
    "name": "Validate login feature for the website",
    "description": "",
    "id": "validate-login-feature-for-the-website",
    "keyword": "Feature",
    "uri": "src/test/resources/features/Login.feature"
  }
]